****************************************
Report : power
        -significant_digits 2
Design : full_chip_dct_8_2d
Version: R-2020.09-SP6
Date   : Mon Dec  2 02:57:33 2024
****************************************
Information: Activity propagation will be performed for scenario default.
Information: Doing activity propagation for mode 'default' and corner 'default' with effort level 'medium'. (POW-024)
Information: Timer-derived activity data is cached on scenario default (POW-052)
Infomation: Fast mode activity propagation power.rtl_activity_annotation setup is ignored. Always use accurate mode.

 **** Information : No. of simulation cycles = 6 ****
Mode: default
Corner: default
Scenario: default
Voltage: 0.80
Temperature: 25.00

Voltage Unit         : 1V
Capacitance Unit     : 1pF
Time Unit            : 1ns
Temperature Unit     : 1C
Dynamic Power Unit   : 1nW
Leakage Power Unit   : 1nW

Switched supply net power scaling:
scaling for leakage power

Supply nets:
VDD (power) probability 1.00 (default)
VSS (ground) probability 1.00 (default)
Warning: Power table extrapolation (extrapolation mode) for port CP on cell dct_8_2d_inst/computation_cycles_regx3x for parameter Tinp. Lowest table value = 0.001500, highest table value = 0.198000, value = 0.000000 (POW-046)
Warning: Power table extrapolation (extrapolation mode) for port Q on cell dct_8_2d_inst/computation_cycles_regx3x for parameter Tinp. Lowest table value = 0.001500, highest table value = 0.198000, value = 0.000000 (POW-046)
Warning: Power table extrapolation (extrapolation mode) for port CP on cell dct_8_2d_inst/computation_cycles_regx0x for parameter Tinp. Lowest table value = 0.001500, highest table value = 0.198000, value = 0.000000 (POW-046)
Warning: Power table extrapolation (extrapolation mode) for port Q on cell dct_8_2d_inst/computation_cycles_regx0x for parameter Tinp. Lowest table value = 0.001500, highest table value = 0.198000, value = 0.000000 (POW-046)
Warning: Power table extrapolation (extrapolation mode) for port CP on cell dct_8_2d_inst/curr_state_regx2x for parameter Tinp. Lowest table value = 0.001500, highest table value = 0.198000, value = 0.000000 (POW-046)
Warning: Power table extrapolation (extrapolation mode) for port CP on cell dct_8_2d_inst/load_counter_regx0x for parameter Tinp. Lowest table value = 0.001500, highest table value = 0.198000, value = 0.000000 (POW-046)
Warning: Power table extrapolation (extrapolation mode) for port Q on cell dct_8_2d_inst/load_counter_regx0x for parameter Tinp. Lowest table value = 0.001500, highest table value = 0.198000, value = 0.000000 (POW-046)
Warning: Power table extrapolation (extrapolation mode) for port CP on cell dct_8_2d_inst/load_counter_regx1x for parameter Tinp. Lowest table value = 0.001500, highest table value = 0.198000, value = 0.000000 (POW-046)
Warning: Power table extrapolation (extrapolation mode) for port Q on cell dct_8_2d_inst/load_counter_regx1x for parameter Tinp. Lowest table value = 0.001500, highest table value = 0.198000, value = 0.000000 (POW-046)
Warning: Power table extrapolation (extrapolation mode) for port CP on cell dct_8_2d_inst/load_counter_regx2x for parameter Tinp. Lowest table value = 0.001500, highest table value = 0.198000, value = 0.000000 (POW-046)

  Cell Internal Power    = 1.39e+07 nW ( 85.6%)
  Net Switching Power    = 2.34e+06 nW ( 14.4%)
Total Dynamic Power      = 1.63e+07 nW (100.0%)

Cell Leakage Power       = 2.05e+04 nW


  Attributes
  ----------
      u  -  User defined power group

Power Group         Internal Power        Switching Power          Leakage Power            Total Power    (   %  )    Attrs
-----------------------------------------------------------------------------------------------------------------------------
io_pad                    0.00e+00               0.00e+00               0.00e+00               0.00e+00    (  0.0%)         
memory                    0.00e+00               0.00e+00               0.00e+00               0.00e+00    (  0.0%)         
black_box                 0.00e+00               0.00e+00               0.00e+00               0.00e+00    (  0.0%)         
clock_network             1.12e+07               0.00e+00               1.42e+00               1.12e+07    ( 68.8%)         
register                  1.07e+06               6.80e+05               7.77e+03               1.76e+06    ( 10.8%)         
sequential                0.00e+00               0.00e+00               0.00e+00               0.00e+00    (  0.0%)         
combinational             1.64e+06               1.66e+06               1.27e+04               3.32e+06    ( 20.4%)         
-----------------------------------------------------------------------------------------------------------------------------
Total                     1.39e+07 nW            2.34e+06 nW            2.05e+04 nW            1.63e+07 nW
1
