****************************************
Report : timing
        -path_type full
        -delay_type max
        -max_paths 1
        -report_by design
Design : full_chip_dct_8_2d
Version: R-2020.09-SP6
Date   : Tue Dec  3 01:37:35 2024
****************************************
Information: Timer using 'CRPR'. (TIM-050)

  Startpoint: dct_8_2d_inst/COL_DCT_GENx3x_col_dct_inst/dct_odd_inst_odd_regx1xx6x (rising edge-triggered flip-flop clocked by CLK)
  Endpoint: dct_8_2d_inst/COL_DCT_GENx3x_col_dct_inst/dct_odd_inst_dct_out_regx1xx11x (rising edge-triggered flip-flop clocked by CLK)
  Mode: default
  Corner: default
  Scenario: default
  Path Group: reg2reg
  Path Type: max

  Point                                            Incr      Path  
  ------------------------------------------------------------------------
  clock CLK (rise edge)                            0.00      0.00
  clock network delay (propagated)                 0.18      0.18

  dct_8_2d_inst/COL_DCT_GENx3x_col_dct_inst/dct_odd_inst_odd_regx1xx6x/CP (SDFCNQD1BWP16P90)
                                                   0.00      0.18 r
  dct_8_2d_inst/COL_DCT_GENx3x_col_dct_inst/dct_odd_inst_odd_regx1xx6x/Q (SDFCNQD1BWP16P90)
                                                   0.09      0.27 f
  dct_8_2d_inst/COL_DCT_GENx3x_col_dct_inst/RBINV_4250/ZN (INVD1BWP20P90)
                                                   0.05      0.32 r
  dct_8_2d_inst/COL_DCT_GENx3x_col_dct_inst/intadd_256_U4/CO (FA1D1BWP20P90)
                                                   0.04      0.35 r
  dct_8_2d_inst/COL_DCT_GENx3x_col_dct_inst/intadd_256_U3/S (FA1D1BWP20P90)
                                                   0.04      0.40 f
  dct_8_2d_inst/COL_DCT_GENx3x_col_dct_inst/RBINV_4112/ZN (INVD1BWP20P90)
                                                   0.01      0.41 r
  dct_8_2d_inst/COL_DCT_GENx3x_col_dct_inst/intadd_242_U13/S (FA1D1BWP20P90)
                                                   0.04      0.45 f
  dct_8_2d_inst/COL_DCT_GENx3x_col_dct_inst/RBINV_4116/ZN (INVD1BWP20P90)
                                                   0.01      0.47 r
  dct_8_2d_inst/COL_DCT_GENx3x_col_dct_inst/U906/CO (FA1D1BWP20P90)
                                                   0.03      0.49 r
  dct_8_2d_inst/COL_DCT_GENx3x_col_dct_inst/RBINV_4324/ZN (INVD1BWP20P90)
                                                   0.01      0.50 f
  dct_8_2d_inst/COL_DCT_GENx3x_col_dct_inst/intadd_242_U12/CO (FA1D1BWP20P90)
                                                   0.03      0.54 f
  dct_8_2d_inst/COL_DCT_GENx3x_col_dct_inst/intadd_242_U11/CO (FA1D1BWP20P90)
                                                   0.04      0.57 f
  dct_8_2d_inst/COL_DCT_GENx3x_col_dct_inst/intadd_242_U10/CO (FA1D1BWP20P90)
                                                   0.03      0.61 f
  dct_8_2d_inst/COL_DCT_GENx3x_col_dct_inst/intadd_242_U9/CO (FA1D1BWP20P90)
                                                   0.03      0.64 f
  dct_8_2d_inst/COL_DCT_GENx3x_col_dct_inst/intadd_242_U8/CO (FA1D1BWP20P90)
                                                   0.03      0.67 f
  dct_8_2d_inst/COL_DCT_GENx3x_col_dct_inst/intadd_242_U7/CO (FA1D1BWP20P90)
                                                   0.03      0.71 f
  dct_8_2d_inst/COL_DCT_GENx3x_col_dct_inst/intadd_242_U6/CO (FA1D1BWP20P90)
                                                   0.03      0.74 f
  dct_8_2d_inst/COL_DCT_GENx3x_col_dct_inst/intadd_242_U5/CO (FA1D1BWP20P90)
                                                   0.03      0.77 f
  dct_8_2d_inst/COL_DCT_GENx3x_col_dct_inst/intadd_242_U4/CO (FA1D1BWP20P90)
                                                   0.03      0.81 f
  dct_8_2d_inst/COL_DCT_GENx3x_col_dct_inst/intadd_242_U3/CO (FA1D1BWP20P90)
                                                   0.03      0.84 f
  dct_8_2d_inst/COL_DCT_GENx3x_col_dct_inst/intadd_242_U2/CO (FA1D1BWP20P90)
                                                   0.04      0.87 f
  dct_8_2d_inst/COL_DCT_GENx3x_col_dct_inst/U37/Z (AO21D1BWP20P90)
                                                   0.03      0.90 f
  dct_8_2d_inst/COL_DCT_GENx3x_col_dct_inst/U213/ZN (NR2D1BWP20P90)
                                                   0.02      0.92 r
  dct_8_2d_inst/COL_DCT_GENx3x_col_dct_inst/U32/Z (AN2D1BWP20P90)
                                                   0.02      0.94 r
  dct_8_2d_inst/COL_DCT_GENx3x_col_dct_inst/U211/ZN (ND2D1BWP20P90)
                                                   0.02      0.96 f
  dct_8_2d_inst/COL_DCT_GENx3x_col_dct_inst/U208/ZN (NR2D1BWP20P90)
                                                   0.02      0.98 r
  dct_8_2d_inst/COL_DCT_GENx3x_col_dct_inst/U207/ZN (ND2D1BWP20P90)
                                                   0.02      1.00 f
  dct_8_2d_inst/COL_DCT_GENx3x_col_dct_inst/U204/ZN (NR2D1BWP20P90)
                                                   0.02      1.02 r
  dct_8_2d_inst/COL_DCT_GENx3x_col_dct_inst/U202/ZN (ND2D1BWP20P90)
                                                   0.02      1.04 f
  dct_8_2d_inst/COL_DCT_GENx3x_col_dct_inst/U203/ZN (NR2D1BWP20P90)
                                                   0.02      1.06 r
  dct_8_2d_inst/COL_DCT_GENx3x_col_dct_inst/U201/ZN (ND2D1BWP20P90)
                                                   0.02      1.08 f
  dct_8_2d_inst/COL_DCT_GENx3x_col_dct_inst/U200/ZN (NR2D1BWP20P90)
                                                   0.02      1.10 r
  dct_8_2d_inst/COL_DCT_GENx3x_col_dct_inst/U199/ZN (ND2D1BWP20P90)
                                                   0.02      1.12 f
  dct_8_2d_inst/COL_DCT_GENx3x_col_dct_inst/U15/ZN (XNR2D1BWP20P90)
                                                   0.03      1.15 r
  dct_8_2d_inst/COL_DCT_GENx3x_col_dct_inst/dct_odd_inst_dct_out_regx1xx11x/D (SDFCNQD1BWP16P90)
                                                   0.00      1.15 r
  data arrival time                                          1.15

  clock CLK (rise edge)                            1.20      1.20
  clock network delay (propagated)                 0.15      1.35
  clock reconvergence pessimism                    0.00      1.35
  dct_8_2d_inst/COL_DCT_GENx3x_col_dct_inst/dct_odd_inst_dct_out_regx1xx11x/CP (SDFCNQD1BWP16P90)
                                                   0.00      1.35 r
  library setup time                              -0.02      1.33
  data required time                                         1.33
  ------------------------------------------------------------------------
  data required time                                         1.33
  data arrival time                                         -1.15
  ------------------------------------------------------------------------
  slack (MET)                                                0.18


1
