****************************************
Report : clock
Design : full_chip_dct_8_2d
Mode   : default
Version: R-2020.09-SP6
Date   : Mon Dec  2 19:05:19 2024
****************************************


Attributes:
    p - Propagated clock
    G - Generated  clock
    U - Unexpanded generated clock

Clock          Period   Waveform            Attrs     Sources
--------------------------------------------------------------------------------
CLK              1.20   {0 0.6}             p         {clk}

****************************************
Report : clock_skew
Design : full_chip_dct_8_2d
Mode   : default
Version: R-2020.09-SP6
Date   : Mon Dec  2 19:05:19 2024
****************************************

1
