 
****************************************
Report : area
Design : dct
Version: U-2022.12-SP5
Date   : Sun Oct 27 21:43:26 2024
****************************************

Information: Updating design information... (UID-85)
Warning: Design 'dct' contains 3 high-fanout nets. A fanout number of 1000 will be used for delay calculations involving these nets. (TIM-134)
Library(s) Used:

    N16ADFP_StdCelltt0p8v25c_ccs (File: /home/vlsilab2/TSMCHOME/Executable_Package/Collaterals/IP/stdcell/N16ADFP_StdCell/CCS/N16ADFP_StdCelltt0p8v25c_ccs.db)

Number of ports:                         6244
Number of nets:                        100899
Number of cells:                        88110
Number of combinational cells:          64801
Number of sequential cells:             22950
Number of macros/black boxes:               0
Number of buf/inv:                       4822
Number of references:                      15

Combinational area:              24664.902626
Buf/Inv area:                      788.175392
Noncombinational area:           26172.047032
Macro/Black Box area:                0.000000
Net Interconnect area:      undefined  (Wire load has zero net area)

Total cell area:                 50836.949657
Total area:                 undefined

Information: This design contains black box (unknown) components. (RPT-8)
1
LOGNAME = chint078
